
=== Fri Nov 13 23:22:07 2020

Packages were changed.
Update Mode: updateDependencies

The following packages were updated:
  com.unity.2d.path from version 2.0.4 to 2.0.6
  com.unity.2d.spriteshape from version 3.0.10 to 3.0.14
  com.unity.ide.vscode from version 1.1.3 to 1.2.2
  com.unity.test-framework from version 1.1.9 to 1.1.18

=== Fri Nov 13 23:37:15 2020

Packages were changed.
Update Mode: updateDependencies

The following packages were updated:
  com.unity.ide.vscode from version 1.2.1 to 1.2.2
  com.unity.test-framework from version 1.1.16 to 1.1.18

=== Sat Dec 19 16:58:11 2020

Packages were changed.
Update Mode: updateDependencies

The following packages were updated:
  com.unity.ide.vscode from version 1.2.2 to 1.2.3
  com.unity.test-framework from version 1.1.18 to 1.1.19

=== Sat Jan  2 17:06:52 2021

Packages were changed.
Update Mode: updateDependencies

The following packages were updated:
  com.unity.2d.common from version 2.0.2 to 2.1.0
  com.unity.2d.path from version 2.0.6 to 2.1.0

=== Thu Jan 21 22:44:59 2021

Packages were changed.
Update Mode: updateDependencies

The following packages were updated:
  com.unity.test-framework from version 1.1.19 to 1.1.20
